1900-01-01 15:38:30,185 - INFO - args: Namespace(batch_size=500, clst=0.0001, cnt=1, dataset_name='ogbg-molhiv', info=0.001, log_file='gder_ogbg_bs500_gcn.log', lr=0.0005, max_epochs=600, mlp_out_dim=1, model_name='gcn', protnce_lambda=0.001, pruning_epochs=10, retain_ratio=0.7, sep=0.3, weight_decay=3e-06)
1900-01-01 15:38:30,185 - INFO - start_time: 1742369910.1853812
1900-01-01 15:38:30,185 - INFO - Training..., Epoch: 0
1900-01-01 15:38:35,374 - INFO - Training..., Epoch: 1
1900-01-01 15:38:39,654 - INFO - Training..., Epoch: 2
1900-01-01 15:38:43,642 - INFO - Training..., Epoch: 3
1900-01-01 15:38:47,817 - INFO - Training..., Epoch: 4
1900-01-01 15:38:52,087 - INFO - Training..., Epoch: 5
1900-01-01 15:38:56,219 - INFO - Training..., Epoch: 6
1900-01-01 15:39:00,111 - INFO - Training..., Epoch: 7
1900-01-01 15:39:04,386 - INFO - Training..., Epoch: 8
1900-01-01 15:39:08,743 - INFO - Training..., Epoch: 9
1900-01-01 15:39:12,977 - INFO - Training..., Epoch: 10
1900-01-01 15:39:16,890 - INFO - Training..., Epoch: 11
1900-01-01 15:39:20,015 - INFO - Training..., Epoch: 12
1900-01-01 15:39:22,903 - INFO - Training..., Epoch: 13
1900-01-01 15:39:25,954 - INFO - Training..., Epoch: 14
1900-01-01 15:39:28,895 - INFO - Training..., Epoch: 15
1900-01-01 15:39:31,945 - INFO - Training..., Epoch: 16
1900-01-01 15:39:34,977 - INFO - Training..., Epoch: 17
1900-01-01 15:39:37,863 - INFO - Training..., Epoch: 18
1900-01-01 15:39:40,925 - INFO - Training..., Epoch: 19
1900-01-01 15:39:43,775 - INFO - Training..., Epoch: 20
1900-01-01 15:39:46,770 - INFO - Training..., Epoch: 21
1900-01-01 15:39:49,642 - INFO - Training..., Epoch: 22
1900-01-01 15:39:52,659 - INFO - Training..., Epoch: 23
1900-01-01 15:39:55,478 - INFO - Training..., Epoch: 24
1900-01-01 15:39:58,599 - INFO - Training..., Epoch: 25
1900-01-01 15:40:01,635 - INFO - Training..., Epoch: 26
1900-01-01 15:40:04,492 - INFO - Training..., Epoch: 27
1900-01-01 15:40:07,548 - INFO - Training..., Epoch: 28
1900-01-01 15:40:10,396 - INFO - Training..., Epoch: 29
1900-01-01 15:40:13,359 - INFO - Training..., Epoch: 30
1900-01-01 15:40:16,237 - INFO - Training..., Epoch: 31
1900-01-01 15:40:19,247 - INFO - Training..., Epoch: 32
1900-01-01 15:40:22,060 - INFO - Training..., Epoch: 33
1900-01-01 15:40:25,033 - INFO - Training..., Epoch: 34
1900-01-01 15:40:28,042 - INFO - Training..., Epoch: 35
1900-01-01 15:40:30,811 - INFO - Training..., Epoch: 36
1900-01-01 15:40:33,894 - INFO - Training..., Epoch: 37
1900-01-01 15:40:36,735 - INFO - Training..., Epoch: 38
1900-01-01 15:40:39,792 - INFO - Training..., Epoch: 39
1900-01-01 15:40:42,672 - INFO - Training..., Epoch: 40
1900-01-01 15:40:45,693 - INFO - Training..., Epoch: 41
1900-01-01 15:40:48,520 - INFO - Training..., Epoch: 42
1900-01-01 15:40:51,557 - INFO - Training..., Epoch: 43
1900-01-01 15:40:54,579 - INFO - Training..., Epoch: 44
1900-01-01 15:40:57,438 - INFO - Training..., Epoch: 45
1900-01-01 15:41:00,442 - INFO - Training..., Epoch: 46
1900-01-01 15:41:03,267 - INFO - Training..., Epoch: 47
1900-01-01 15:41:06,294 - INFO - Training..., Epoch: 48
1900-01-01 15:41:09,217 - INFO - Training..., Epoch: 49
1900-01-01 15:41:12,254 - INFO - Training..., Epoch: 50
1900-01-01 15:41:15,087 - INFO - Training..., Epoch: 51
1900-01-01 15:41:18,105 - INFO - Training..., Epoch: 52
1900-01-01 15:41:21,127 - INFO - Training..., Epoch: 53
1900-01-01 15:41:23,952 - INFO - Training..., Epoch: 54
1900-01-01 15:41:26,866 - INFO - Training..., Epoch: 55
1900-01-01 15:41:29,661 - INFO - Training..., Epoch: 56
1900-01-01 15:41:32,691 - INFO - Training..., Epoch: 57
1900-01-01 15:41:35,579 - INFO - Training..., Epoch: 58
1900-01-01 15:41:38,616 - INFO - Training..., Epoch: 59
1900-01-01 15:41:41,481 - INFO - Training..., Epoch: 60
1900-01-01 15:41:44,498 - INFO - Training..., Epoch: 61
1900-01-01 15:41:47,514 - INFO - Training..., Epoch: 62
1900-01-01 15:41:50,366 - INFO - Training..., Epoch: 63
1900-01-01 15:41:53,385 - INFO - Training..., Epoch: 64
1900-01-01 15:41:56,105 - INFO - Training..., Epoch: 65
1900-01-01 15:41:59,001 - INFO - Training..., Epoch: 66
1900-01-01 15:42:01,867 - INFO - Training..., Epoch: 67
1900-01-01 15:42:04,892 - INFO - Training..., Epoch: 68
1900-01-01 15:42:07,683 - INFO - Training..., Epoch: 69
1900-01-01 15:42:10,680 - INFO - Training..., Epoch: 70
1900-01-01 15:42:13,727 - INFO - Training..., Epoch: 71
1900-01-01 15:42:16,592 - INFO - Training..., Epoch: 72
1900-01-01 15:42:19,494 - INFO - Training..., Epoch: 73
1900-01-01 15:42:22,336 - INFO - Training..., Epoch: 74
1900-01-01 15:42:25,359 - INFO - Training..., Epoch: 75
1900-01-01 15:42:28,181 - INFO - Training..., Epoch: 76
1900-01-01 15:42:31,213 - INFO - Training..., Epoch: 77
1900-01-01 15:42:34,118 - INFO - Training..., Epoch: 78
1900-01-01 15:42:37,168 - INFO - Training..., Epoch: 79
1900-01-01 15:42:40,195 - INFO - Training..., Epoch: 80
1900-01-01 15:42:43,102 - INFO - Training..., Epoch: 81
1900-01-01 15:42:46,205 - INFO - Training..., Epoch: 82
1900-01-01 15:42:48,962 - INFO - Training..., Epoch: 83
1900-01-01 15:42:51,846 - INFO - Training..., Epoch: 84
1900-01-01 15:42:54,634 - INFO - Training..., Epoch: 85
1900-01-01 15:42:57,641 - INFO - Training..., Epoch: 86
1900-01-01 15:43:00,496 - INFO - Training..., Epoch: 87
1900-01-01 15:43:03,505 - INFO - Training..., Epoch: 88
1900-01-01 15:43:06,540 - INFO - Training..., Epoch: 89
1900-01-01 15:43:09,339 - INFO - Training..., Epoch: 90
1900-01-01 15:43:12,419 - INFO - Training..., Epoch: 91
1900-01-01 15:43:15,188 - INFO - Training..., Epoch: 92
1900-01-01 15:43:18,209 - INFO - Training..., Epoch: 93
1900-01-01 15:43:21,079 - INFO - Training..., Epoch: 94
1900-01-01 15:43:24,121 - INFO - Training..., Epoch: 95
1900-01-01 15:43:26,986 - INFO - Training..., Epoch: 96
1900-01-01 15:43:30,000 - INFO - Training..., Epoch: 97
1900-01-01 15:43:32,960 - INFO - Training..., Epoch: 98
1900-01-01 15:43:35,821 - INFO - Training..., Epoch: 99
1900-01-01 15:43:38,822 - INFO - Training..., Epoch: 100
1900-01-01 15:43:41,667 - INFO - Training..., Epoch: 101
1900-01-01 15:43:44,728 - INFO - Training..., Epoch: 102
1900-01-01 15:43:47,607 - INFO - Training..., Epoch: 103
1900-01-01 15:43:50,653 - INFO - Training..., Epoch: 104
1900-01-01 15:43:53,515 - INFO - Training..., Epoch: 105
1900-01-01 15:43:56,530 - INFO - Training..., Epoch: 106
1900-01-01 15:43:59,597 - INFO - Training..., Epoch: 107
1900-01-01 15:44:02,437 - INFO - Training..., Epoch: 108
1900-01-01 15:44:05,456 - INFO - Training..., Epoch: 109
1900-01-01 15:44:08,299 - INFO - Training..., Epoch: 110
1900-01-01 15:44:11,282 - INFO - Training..., Epoch: 111
1900-01-01 15:44:14,087 - INFO - Training..., Epoch: 112
1900-01-01 15:44:17,082 - INFO - Training..., Epoch: 113
1900-01-01 15:44:19,930 - INFO - Training..., Epoch: 114
1900-01-01 15:44:22,998 - INFO - Training..., Epoch: 115
1900-01-01 15:44:26,061 - INFO - Training..., Epoch: 116
1900-01-01 15:44:28,899 - INFO - Training..., Epoch: 117
1900-01-01 15:44:31,828 - INFO - Training..., Epoch: 118
1900-01-01 15:44:34,601 - INFO - Training..., Epoch: 119
1900-01-01 15:44:37,603 - INFO - Training..., Epoch: 120
1900-01-01 15:44:40,486 - INFO - Training..., Epoch: 121
1900-01-01 15:44:43,511 - INFO - Training..., Epoch: 122
1900-01-01 15:44:46,272 - INFO - Training..., Epoch: 123
1900-01-01 15:44:49,283 - INFO - Training..., Epoch: 124
1900-01-01 15:44:52,136 - INFO - Training..., Epoch: 125
1900-01-01 15:44:55,167 - INFO - Training..., Epoch: 126
1900-01-01 15:44:58,173 - INFO - Training..., Epoch: 127
1900-01-01 15:45:00,996 - INFO - Training..., Epoch: 128
1900-01-01 15:45:04,042 - INFO - Training..., Epoch: 129
1900-01-01 15:45:06,899 - INFO - Training..., Epoch: 130
1900-01-01 15:45:09,949 - INFO - Training..., Epoch: 131
1900-01-01 15:45:12,815 - INFO - Training..., Epoch: 132
1900-01-01 15:45:15,850 - INFO - Training..., Epoch: 133
1900-01-01 15:45:18,948 - INFO - Training..., Epoch: 134
1900-01-01 15:45:21,824 - INFO - Training..., Epoch: 135
1900-01-01 15:45:24,755 - INFO - Training..., Epoch: 136
1900-01-01 15:45:27,520 - INFO - Training..., Epoch: 137
1900-01-01 15:45:30,531 - INFO - Training..., Epoch: 138
1900-01-01 15:45:33,379 - INFO - Training..., Epoch: 139
1900-01-01 15:45:36,459 - INFO - Training..., Epoch: 140
1900-01-01 15:45:39,292 - INFO - Training..., Epoch: 141
1900-01-01 15:45:42,320 - INFO - Training..., Epoch: 142
1900-01-01 15:45:45,327 - INFO - Training..., Epoch: 143
1900-01-01 15:45:48,129 - INFO - Training..., Epoch: 144
1900-01-01 15:45:51,121 - INFO - Training..., Epoch: 145
1900-01-01 15:45:53,985 - INFO - Training..., Epoch: 146
1900-01-01 15:45:57,008 - INFO - Training..., Epoch: 147
1900-01-01 15:45:59,855 - INFO - Training..., Epoch: 148
1900-01-01 15:46:02,877 - INFO - Training..., Epoch: 149
1900-01-01 15:46:05,728 - INFO - Training..., Epoch: 150
1900-01-01 15:46:08,819 - INFO - Training..., Epoch: 151
1900-01-01 15:46:11,825 - INFO - Training..., Epoch: 152
1900-01-01 15:46:14,676 - INFO - Training..., Epoch: 153
1900-01-01 15:46:17,650 - INFO - Training..., Epoch: 154
1900-01-01 15:46:20,521 - INFO - Training..., Epoch: 155
1900-01-01 15:46:23,562 - INFO - Training..., Epoch: 156
1900-01-01 15:46:26,345 - INFO - Training..., Epoch: 157
1900-01-01 15:46:29,337 - INFO - Training..., Epoch: 158
1900-01-01 15:46:32,067 - INFO - Training..., Epoch: 159
1900-01-01 15:46:34,972 - INFO - Training..., Epoch: 160
1900-01-01 15:46:37,995 - INFO - Training..., Epoch: 161
1900-01-01 15:46:40,816 - INFO - Training..., Epoch: 162
1900-01-01 15:46:43,845 - INFO - Training..., Epoch: 163
1900-01-01 15:46:46,617 - INFO - Training..., Epoch: 164
1900-01-01 15:46:49,569 - INFO - Training..., Epoch: 165
1900-01-01 15:46:52,394 - INFO - Training..., Epoch: 166
1900-01-01 15:46:55,398 - INFO - Training..., Epoch: 167
1900-01-01 15:46:58,170 - INFO - Training..., Epoch: 168
1900-01-01 15:47:01,234 - INFO - Training..., Epoch: 169
1900-01-01 15:47:04,294 - INFO - Training..., Epoch: 170
1900-01-01 15:47:07,156 - INFO - Training..., Epoch: 171
1900-01-01 15:47:10,192 - INFO - Training..., Epoch: 172
1900-01-01 15:47:13,032 - INFO - Training..., Epoch: 173
1900-01-01 15:47:16,048 - INFO - Training..., Epoch: 174
1900-01-01 15:47:18,904 - INFO - Training..., Epoch: 175
1900-01-01 15:47:21,934 - INFO - Training..., Epoch: 176
1900-01-01 15:47:24,822 - INFO - Training..., Epoch: 177
1900-01-01 15:47:27,814 - INFO - Training..., Epoch: 178
1900-01-01 15:47:30,662 - INFO - Training..., Epoch: 179
1900-01-01 15:47:33,703 - INFO - Training..., Epoch: 180
1900-01-01 15:47:36,718 - INFO - Training..., Epoch: 181
1900-01-01 15:47:39,596 - INFO - Training..., Epoch: 182
1900-01-01 15:47:42,671 - INFO - Training..., Epoch: 183
1900-01-01 15:47:45,528 - INFO - Training..., Epoch: 184
1900-01-01 15:47:48,541 - INFO - Training..., Epoch: 185
1900-01-01 15:47:51,429 - INFO - Training..., Epoch: 186
1900-01-01 15:47:54,417 - INFO - Training..., Epoch: 187
1900-01-01 15:47:57,475 - INFO - Training..., Epoch: 188
1900-01-01 15:48:00,356 - INFO - Training..., Epoch: 189
1900-01-01 15:48:03,430 - INFO - Training..., Epoch: 190
1900-01-01 15:48:06,305 - INFO - Training..., Epoch: 191
1900-01-01 15:48:09,286 - INFO - Training..., Epoch: 192
1900-01-01 15:48:12,086 - INFO - Training..., Epoch: 193
1900-01-01 15:48:15,074 - INFO - Training..., Epoch: 194
1900-01-01 15:48:17,873 - INFO - Training..., Epoch: 195
1900-01-01 15:48:20,927 - INFO - Training..., Epoch: 196
1900-01-01 15:48:23,782 - INFO - Training..., Epoch: 197
1900-01-01 15:48:26,772 - INFO - Training..., Epoch: 198
1900-01-01 15:48:29,816 - INFO - Training..., Epoch: 199
1900-01-01 15:48:32,699 - INFO - Training..., Epoch: 200
1900-01-01 15:48:35,675 - INFO - Training..., Epoch: 201
1900-01-01 15:48:38,536 - INFO - Training..., Epoch: 202
1900-01-01 15:48:41,522 - INFO - Training..., Epoch: 203
1900-01-01 15:48:44,334 - INFO - Training..., Epoch: 204
1900-01-01 15:48:47,211 - INFO - Training..., Epoch: 205
1900-01-01 15:48:49,983 - INFO - Training..., Epoch: 206
1900-01-01 15:48:53,017 - INFO - Training..., Epoch: 207
1900-01-01 15:48:56,027 - INFO - Training..., Epoch: 208
1900-01-01 15:48:58,862 - INFO - Training..., Epoch: 209
1900-01-01 15:49:01,882 - INFO - Training..., Epoch: 210
1900-01-01 15:49:04,668 - INFO - Training..., Epoch: 211
1900-01-01 15:49:07,668 - INFO - Training..., Epoch: 212
1900-01-01 15:49:10,551 - INFO - Training..., Epoch: 213
1900-01-01 15:49:13,615 - INFO - Training..., Epoch: 214
1900-01-01 15:49:16,519 - INFO - Training..., Epoch: 215
1900-01-01 15:49:19,537 - INFO - Training..., Epoch: 216
1900-01-01 15:49:22,472 - INFO - Training..., Epoch: 217
1900-01-01 15:49:25,321 - INFO - Training..., Epoch: 218
1900-01-01 15:49:28,312 - INFO - Training..., Epoch: 219
1900-01-01 15:49:31,123 - INFO - Training..., Epoch: 220
1900-01-01 15:49:34,106 - INFO - Training..., Epoch: 221
1900-01-01 15:49:36,928 - INFO - Training..., Epoch: 222
1900-01-01 15:49:40,008 - INFO - Training..., Epoch: 223
1900-01-01 15:49:42,846 - INFO - Training..., Epoch: 224
1900-01-01 15:49:45,925 - INFO - Training..., Epoch: 225
1900-01-01 15:49:48,966 - INFO - Training..., Epoch: 226
1900-01-01 15:49:51,762 - INFO - Training..., Epoch: 227
1900-01-01 15:49:54,826 - INFO - Training..., Epoch: 228
1900-01-01 15:49:57,682 - INFO - Training..., Epoch: 229
1900-01-01 15:50:00,734 - INFO - Training..., Epoch: 230
1900-01-01 15:50:03,577 - INFO - Training..., Epoch: 231
1900-01-01 15:50:06,543 - INFO - Training..., Epoch: 232
1900-01-01 15:50:09,288 - INFO - Training..., Epoch: 233
1900-01-01 15:50:12,266 - INFO - Training..., Epoch: 234
1900-01-01 15:50:15,339 - INFO - Training..., Epoch: 235
1900-01-01 15:50:18,215 - INFO - Training..., Epoch: 236
1900-01-01 15:50:21,241 - INFO - Training..., Epoch: 237
1900-01-01 15:50:24,059 - INFO - Training..., Epoch: 238
1900-01-01 15:50:27,068 - INFO - Training..., Epoch: 239
1900-01-01 15:50:29,906 - INFO - Training..., Epoch: 240
1900-01-01 15:50:32,918 - INFO - Training..., Epoch: 241
1900-01-01 15:50:35,752 - INFO - Training..., Epoch: 242
1900-01-01 15:50:38,822 - INFO - Training..., Epoch: 243
1900-01-01 15:50:41,835 - INFO - Training..., Epoch: 244
1900-01-01 15:50:44,662 - INFO - Training..., Epoch: 245
1900-01-01 15:50:47,624 - INFO - Training..., Epoch: 246
1900-01-01 15:50:50,492 - INFO - Training..., Epoch: 247
1900-01-01 15:50:53,559 - INFO - Training..., Epoch: 248
1900-01-01 15:50:56,398 - INFO - Training..., Epoch: 249
1900-01-01 15:50:59,422 - INFO - Training..., Epoch: 250
1900-01-01 15:51:02,272 - INFO - Training..., Epoch: 251
1900-01-01 15:51:05,263 - INFO - Training..., Epoch: 252
1900-01-01 15:51:08,320 - INFO - Training..., Epoch: 253
1900-01-01 15:51:11,188 - INFO - Training..., Epoch: 254
1900-01-01 15:51:14,207 - INFO - Training..., Epoch: 255
1900-01-01 15:51:17,043 - INFO - Training..., Epoch: 256
1900-01-01 15:51:20,051 - INFO - Training..., Epoch: 257
1900-01-01 15:51:22,882 - INFO - Training..., Epoch: 258
1900-01-01 15:51:25,983 - INFO - Training..., Epoch: 259
1900-01-01 15:51:28,831 - INFO - Training..., Epoch: 260
1900-01-01 15:51:31,835 - INFO - Training..., Epoch: 261
1900-01-01 15:51:34,662 - INFO - Training..., Epoch: 262
1900-01-01 15:51:37,673 - INFO - Training..., Epoch: 263
1900-01-01 15:51:40,701 - INFO - Training..., Epoch: 264
1900-01-01 15:51:43,536 - INFO - Training..., Epoch: 265
1900-01-01 15:51:46,530 - INFO - Training..., Epoch: 266
1900-01-01 15:51:49,334 - INFO - Training..., Epoch: 267
1900-01-01 15:51:52,327 - INFO - Training..., Epoch: 268
1900-01-01 15:51:55,142 - INFO - Training..., Epoch: 269
1900-01-01 15:51:58,113 - INFO - Training..., Epoch: 270
1900-01-01 15:52:00,984 - INFO - Training..., Epoch: 271
1900-01-01 15:52:03,801 - INFO - Training..., Epoch: 272
1900-01-01 15:52:06,816 - INFO - Training..., Epoch: 273
1900-01-01 15:52:09,667 - INFO - Training..., Epoch: 274
1900-01-01 15:52:12,715 - INFO - Training..., Epoch: 275
1900-01-01 15:52:15,528 - INFO - Training..., Epoch: 276
1900-01-01 15:52:18,508 - INFO - Training..., Epoch: 277
1900-01-01 15:52:21,316 - INFO - Training..., Epoch: 278
1900-01-01 15:52:24,327 - INFO - Training..., Epoch: 279
1900-01-01 15:52:27,184 - INFO - Training..., Epoch: 280
1900-01-01 15:52:30,152 - INFO - Training..., Epoch: 281
1900-01-01 15:52:33,115 - INFO - Training..., Epoch: 282
1900-01-01 15:52:35,952 - INFO - Training..., Epoch: 283
1900-01-01 15:52:38,948 - INFO - Training..., Epoch: 284
1900-01-01 15:52:41,813 - INFO - Training..., Epoch: 285
1900-01-01 15:52:44,820 - INFO - Training..., Epoch: 286
1900-01-01 15:52:47,642 - INFO - Training..., Epoch: 287
1900-01-01 15:52:50,642 - INFO - Training..., Epoch: 288
1900-01-01 15:52:53,479 - INFO - Training..., Epoch: 289
1900-01-01 15:52:56,413 - INFO - Training..., Epoch: 290
1900-01-01 15:52:59,445 - INFO - Training..., Epoch: 291
1900-01-01 15:53:02,250 - INFO - Training..., Epoch: 292
1900-01-01 15:53:05,265 - INFO - Training..., Epoch: 293
1900-01-01 15:53:08,125 - INFO - Training..., Epoch: 294
1900-01-01 15:53:11,149 - INFO - Training..., Epoch: 295
1900-01-01 15:53:13,933 - INFO - Training..., Epoch: 296
1900-01-01 15:53:16,928 - INFO - Training..., Epoch: 297
1900-01-01 15:53:19,856 - INFO - Training..., Epoch: 298
1900-01-01 15:53:22,781 - INFO - Training..., Epoch: 299
1900-01-01 15:53:25,767 - INFO - Training..., Epoch: 300
1900-01-01 15:53:28,625 - INFO - Training..., Epoch: 301
1900-01-01 15:53:31,636 - INFO - Training..., Epoch: 302
1900-01-01 15:53:34,519 - INFO - Training..., Epoch: 303
1900-01-01 15:53:37,563 - INFO - Training..., Epoch: 304
1900-01-01 15:53:40,437 - INFO - Training..., Epoch: 305
1900-01-01 15:53:43,460 - INFO - Training..., Epoch: 306
1900-01-01 15:53:46,247 - INFO - Training..., Epoch: 307
1900-01-01 15:53:49,368 - INFO - Training..., Epoch: 308
1900-01-01 15:53:52,368 - INFO - Training..., Epoch: 309
1900-01-01 15:53:55,190 - INFO - Training..., Epoch: 310
1900-01-01 15:53:58,208 - INFO - Training..., Epoch: 311
1900-01-01 15:54:01,082 - INFO - Training..., Epoch: 312
1900-01-01 15:54:04,195 - INFO - Training..., Epoch: 313
1900-01-01 15:54:06,985 - INFO - Training..., Epoch: 314
1900-01-01 15:54:10,014 - INFO - Training..., Epoch: 315
1900-01-01 15:54:12,850 - INFO - Training..., Epoch: 316
1900-01-01 15:54:15,838 - INFO - Training..., Epoch: 317
1900-01-01 15:54:18,976 - INFO - Training..., Epoch: 318
1900-01-01 15:54:21,845 - INFO - Training..., Epoch: 319
1900-01-01 15:54:24,918 - INFO - Training..., Epoch: 320
1900-01-01 15:54:27,783 - INFO - Training..., Epoch: 321
1900-01-01 15:54:30,843 - INFO - Training..., Epoch: 322
1900-01-01 15:54:33,641 - INFO - Training..., Epoch: 323
1900-01-01 15:54:36,641 - INFO - Training..., Epoch: 324
1900-01-01 15:54:39,487 - INFO - Training..., Epoch: 325
1900-01-01 15:54:42,512 - INFO - Training..., Epoch: 326
1900-01-01 15:54:45,535 - INFO - Training..., Epoch: 327
1900-01-01 15:54:48,367 - INFO - Training..., Epoch: 328
1900-01-01 15:54:51,361 - INFO - Training..., Epoch: 329
1900-01-01 15:54:54,249 - INFO - Training..., Epoch: 330
1900-01-01 15:54:57,285 - INFO - Training..., Epoch: 331
1900-01-01 15:55:00,133 - INFO - Training..., Epoch: 332
1900-01-01 15:55:03,156 - INFO - Training..., Epoch: 333
1900-01-01 15:55:05,971 - INFO - Training..., Epoch: 334
1900-01-01 15:55:08,899 - INFO - Training..., Epoch: 335
1900-01-01 15:55:11,859 - INFO - Training..., Epoch: 336
1900-01-01 15:55:14,704 - INFO - Training..., Epoch: 337
1900-01-01 15:55:17,632 - INFO - Training..., Epoch: 338
1900-01-01 15:55:20,449 - INFO - Training..., Epoch: 339
1900-01-01 15:55:23,432 - INFO - Training..., Epoch: 340
1900-01-01 15:55:26,262 - INFO - Training..., Epoch: 341
1900-01-01 15:55:29,263 - INFO - Training..., Epoch: 342
1900-01-01 15:55:32,154 - INFO - Training..., Epoch: 343
1900-01-01 15:55:35,155 - INFO - Training..., Epoch: 344
1900-01-01 15:55:37,982 - INFO - Training..., Epoch: 345
1900-01-01 15:55:40,981 - INFO - Training..., Epoch: 346
1900-01-01 15:55:43,985 - INFO - Training..., Epoch: 347
1900-01-01 15:55:46,854 - INFO - Training..., Epoch: 348
1900-01-01 15:55:49,833 - INFO - Training..., Epoch: 349
1900-01-01 15:55:52,633 - INFO - Training..., Epoch: 350
1900-01-01 15:55:55,619 - INFO - Training..., Epoch: 351
1900-01-01 15:55:58,383 - INFO - Training..., Epoch: 352
1900-01-01 15:56:01,351 - INFO - Training..., Epoch: 353
1900-01-01 15:56:04,321 - INFO - Training..., Epoch: 354
1900-01-01 15:56:07,166 - INFO - Training..., Epoch: 355
1900-01-01 15:56:10,137 - INFO - Training..., Epoch: 356
1900-01-01 15:56:13,032 - INFO - Training..., Epoch: 357
1900-01-01 15:56:16,048 - INFO - Training..., Epoch: 358
1900-01-01 15:56:18,884 - INFO - Training..., Epoch: 359
1900-01-01 15:56:21,890 - INFO - Training..., Epoch: 360
1900-01-01 15:56:24,809 - INFO - Training..., Epoch: 361
1900-01-01 15:56:27,962 - INFO - Training..., Epoch: 362
1900-01-01 15:56:30,832 - INFO - Training..., Epoch: 363
1900-01-01 15:56:33,883 - INFO - Training..., Epoch: 364
1900-01-01 15:56:36,850 - INFO - Training..., Epoch: 365
1900-01-01 15:56:39,743 - INFO - Training..., Epoch: 366
1900-01-01 15:56:42,758 - INFO - Training..., Epoch: 367
1900-01-01 15:56:45,545 - INFO - Training..., Epoch: 368
1900-01-01 15:56:48,429 - INFO - Training..., Epoch: 369
1900-01-01 15:56:51,197 - INFO - Training..., Epoch: 370
1900-01-01 15:56:54,272 - INFO - Training..., Epoch: 371
1900-01-01 15:56:57,131 - INFO - Training..., Epoch: 372
1900-01-01 15:57:00,161 - INFO - Training..., Epoch: 373
1900-01-01 15:57:03,191 - INFO - Training..., Epoch: 374
1900-01-01 15:57:05,895 - INFO - Training..., Epoch: 375
1900-01-01 15:57:08,882 - INFO - Training..., Epoch: 376
1900-01-01 15:57:11,688 - INFO - Training..., Epoch: 377
1900-01-01 15:57:14,696 - INFO - Training..., Epoch: 378
1900-01-01 15:57:17,533 - INFO - Training..., Epoch: 379
1900-01-01 15:57:20,550 - INFO - Training..., Epoch: 380
1900-01-01 15:57:23,395 - INFO - Training..., Epoch: 381
1900-01-01 15:57:26,355 - INFO - Training..., Epoch: 382
1900-01-01 15:57:29,376 - INFO - Training..., Epoch: 383
1900-01-01 15:57:32,158 - INFO - Training..., Epoch: 384
1900-01-01 15:57:35,124 - INFO - Training..., Epoch: 385
1900-01-01 15:57:37,895 - INFO - Training..., Epoch: 386
1900-01-01 15:57:40,891 - INFO - Training..., Epoch: 387
1900-01-01 15:57:43,697 - INFO - Training..., Epoch: 388
1900-01-01 15:57:46,662 - INFO - Training..., Epoch: 389
1900-01-01 15:57:49,455 - INFO - Training..., Epoch: 390
1900-01-01 15:57:52,483 - INFO - Training..., Epoch: 391
1900-01-01 15:57:55,591 - INFO - Training..., Epoch: 392
1900-01-01 15:57:58,420 - INFO - Training..., Epoch: 393
1900-01-01 15:58:01,313 - INFO - Training..., Epoch: 394
1900-01-01 15:58:04,032 - INFO - Training..., Epoch: 395
1900-01-01 15:58:06,975 - INFO - Training..., Epoch: 396
1900-01-01 15:58:09,832 - INFO - Training..., Epoch: 397
1900-01-01 15:58:12,908 - INFO - Training..., Epoch: 398
1900-01-01 15:58:15,788 - INFO - Training..., Epoch: 399
1900-01-01 15:58:18,771 - INFO - Training..., Epoch: 400
1900-01-01 15:58:21,816 - INFO - Training..., Epoch: 401
1900-01-01 15:58:24,654 - INFO - Training..., Epoch: 402
1900-01-01 15:58:27,706 - INFO - Training..., Epoch: 403
1900-01-01 15:58:30,467 - INFO - Training..., Epoch: 404
1900-01-01 15:58:33,441 - INFO - Training..., Epoch: 405
1900-01-01 15:58:36,272 - INFO - Training..., Epoch: 406
1900-01-01 15:58:39,309 - INFO - Training..., Epoch: 407
1900-01-01 15:58:42,154 - INFO - Training..., Epoch: 408
1900-01-01 15:58:45,179 - INFO - Training..., Epoch: 409
1900-01-01 15:58:48,174 - INFO - Training..., Epoch: 410
1900-01-01 15:58:50,971 - INFO - Training..., Epoch: 411
1900-01-01 15:58:53,970 - INFO - Training..., Epoch: 412
1900-01-01 15:58:56,860 - INFO - Training..., Epoch: 413
1900-01-01 15:58:59,825 - INFO - Training..., Epoch: 414
1900-01-01 15:59:02,602 - INFO - Training..., Epoch: 415
1900-01-01 15:59:05,587 - INFO - Training..., Epoch: 416
1900-01-01 15:59:08,436 - INFO - Training..., Epoch: 417
1900-01-01 15:59:11,478 - INFO - Training..., Epoch: 418
1900-01-01 15:59:14,409 - INFO - Training..., Epoch: 419
1900-01-01 15:59:17,147 - INFO - Training..., Epoch: 420
1900-01-01 15:59:20,089 - INFO - Training..., Epoch: 421
1900-01-01 15:59:22,961 - INFO - Training..., Epoch: 422
1900-01-01 15:59:25,964 - INFO - Training..., Epoch: 423
1900-01-01 15:59:28,785 - INFO - Training..., Epoch: 424
1900-01-01 15:59:31,740 - INFO - Training..., Epoch: 425
1900-01-01 15:59:34,533 - INFO - Training..., Epoch: 426
1900-01-01 15:59:37,504 - INFO - Training..., Epoch: 427
1900-01-01 15:59:40,223 - INFO - Training..., Epoch: 428
1900-01-01 15:59:43,226 - INFO - Training..., Epoch: 429
1900-01-01 15:59:46,269 - INFO - Training..., Epoch: 430
1900-01-01 15:59:49,123 - INFO - Training..., Epoch: 431
1900-01-01 15:59:52,151 - INFO - Training..., Epoch: 432
1900-01-01 15:59:54,999 - INFO - Training..., Epoch: 433
1900-01-01 15:59:58,070 - INFO - Training..., Epoch: 434
1900-01-01 16:00:00,911 - INFO - Training..., Epoch: 435
1900-01-01 16:00:03,964 - INFO - Training..., Epoch: 436
1900-01-01 16:00:06,984 - INFO - Training..., Epoch: 437
1900-01-01 16:00:09,809 - INFO - Training..., Epoch: 438
1900-01-01 16:00:12,809 - INFO - Training..., Epoch: 439
1900-01-01 16:00:15,661 - INFO - Training..., Epoch: 440
1900-01-01 16:00:18,650 - INFO - Training..., Epoch: 441
1900-01-01 16:00:21,433 - INFO - Training..., Epoch: 442
1900-01-01 16:00:24,443 - INFO - Training..., Epoch: 443
1900-01-01 16:00:27,278 - INFO - Training..., Epoch: 444
1900-01-01 16:00:30,232 - INFO - Training..., Epoch: 445
1900-01-01 16:00:33,045 - INFO - Training..., Epoch: 446
1900-01-01 16:00:36,073 - INFO - Training..., Epoch: 447
1900-01-01 16:00:39,083 - INFO - Training..., Epoch: 448
1900-01-01 16:00:41,969 - INFO - Training..., Epoch: 449
1900-01-01 16:00:44,966 - INFO - Training..., Epoch: 450
1900-01-01 16:00:47,817 - INFO - Training..., Epoch: 451
1900-01-01 16:00:50,821 - INFO - Training..., Epoch: 452
1900-01-01 16:00:53,663 - INFO - Training..., Epoch: 453
1900-01-01 16:00:56,716 - INFO - Training..., Epoch: 454
1900-01-01 16:00:59,553 - INFO - Training..., Epoch: 455
1900-01-01 16:01:02,600 - INFO - Training..., Epoch: 456
1900-01-01 16:01:05,560 - INFO - Training..., Epoch: 457
1900-01-01 16:01:08,411 - INFO - Training..., Epoch: 458
1900-01-01 16:01:11,378 - INFO - Training..., Epoch: 459
1900-01-01 16:01:14,136 - INFO - Training..., Epoch: 460
1900-01-01 16:01:17,080 - INFO - Training..., Epoch: 461
1900-01-01 16:01:19,916 - INFO - Training..., Epoch: 462
1900-01-01 16:01:22,925 - INFO - Training..., Epoch: 463
1900-01-01 16:01:25,760 - INFO - Training..., Epoch: 464
1900-01-01 16:01:28,766 - INFO - Training..., Epoch: 465
1900-01-01 16:01:31,752 - INFO - Training..., Epoch: 466
1900-01-01 16:01:34,614 - INFO - Training..., Epoch: 467
1900-01-01 16:01:37,570 - INFO - Training..., Epoch: 468
1900-01-01 16:01:40,338 - INFO - Training..., Epoch: 469
1900-01-01 16:01:43,282 - INFO - Training..., Epoch: 470
1900-01-01 16:01:46,150 - INFO - Training..., Epoch: 471
1900-01-01 16:01:49,172 - INFO - Training..., Epoch: 472
1900-01-01 16:01:52,024 - INFO - Training..., Epoch: 473
1900-01-01 16:01:55,029 - INFO - Training..., Epoch: 474
1900-01-01 16:01:57,964 - INFO - Training..., Epoch: 475
1900-01-01 16:02:00,824 - INFO - Training..., Epoch: 476
1900-01-01 16:02:03,874 - INFO - Training..., Epoch: 477
1900-01-01 16:02:06,617 - INFO - Training..., Epoch: 478
1900-01-01 16:02:09,595 - INFO - Training..., Epoch: 479
1900-01-01 16:02:12,449 - INFO - Training..., Epoch: 480
1900-01-01 16:02:15,465 - INFO - Training..., Epoch: 481
1900-01-01 16:02:18,301 - INFO - Training..., Epoch: 482
1900-01-01 16:02:21,302 - INFO - Training..., Epoch: 483
1900-01-01 16:02:24,361 - INFO - Training..., Epoch: 484
1900-01-01 16:02:27,241 - INFO - Training..., Epoch: 485
1900-01-01 16:02:30,279 - INFO - Training..., Epoch: 486
1900-01-01 16:02:33,018 - INFO - Training..., Epoch: 487
1900-01-01 16:02:36,007 - INFO - Training..., Epoch: 488
1900-01-01 16:02:38,869 - INFO - Training..., Epoch: 489
1900-01-01 16:02:41,908 - INFO - Training..., Epoch: 490
1900-01-01 16:02:44,746 - INFO - Training..., Epoch: 491
1900-01-01 16:02:47,745 - INFO - Training..., Epoch: 492
1900-01-01 16:02:50,791 - INFO - Training..., Epoch: 493
1900-01-01 16:02:53,625 - INFO - Training..., Epoch: 494
1900-01-01 16:02:56,613 - INFO - Training..., Epoch: 495
1900-01-01 16:02:59,414 - INFO - Training..., Epoch: 496
1900-01-01 16:03:02,419 - INFO - Training..., Epoch: 497
1900-01-01 16:03:05,259 - INFO - Training..., Epoch: 498
1900-01-01 16:03:08,250 - INFO - Training..., Epoch: 499
1900-01-01 16:03:11,016 - INFO - Training..., Epoch: 500
1900-01-01 16:03:13,997 - INFO - Training..., Epoch: 501
1900-01-01 16:03:17,004 - INFO - Training..., Epoch: 502
1900-01-01 16:03:19,837 - INFO - Training..., Epoch: 503
1900-01-01 16:03:22,856 - INFO - Training..., Epoch: 504
1900-01-01 16:03:25,623 - INFO - Training..., Epoch: 505
1900-01-01 16:03:28,686 - INFO - Training..., Epoch: 506
1900-01-01 16:03:31,544 - INFO - Training..., Epoch: 507
1900-01-01 16:03:34,537 - INFO - Training..., Epoch: 508
1900-01-01 16:03:37,173 - INFO - Training..., Epoch: 509
1900-01-01 16:03:40,168 - INFO - Training..., Epoch: 510
1900-01-01 16:03:42,960 - INFO - Training..., Epoch: 511
1900-01-01 16:03:45,831 - INFO - Training..., Epoch: 512
1900-01-01 16:03:48,853 - INFO - Training..., Epoch: 513
1900-01-01 16:03:51,608 - INFO - Training..., Epoch: 514
1900-01-01 16:03:54,580 - INFO - Training..., Epoch: 515
1900-01-01 16:03:57,322 - INFO - Training..., Epoch: 516
1900-01-01 16:04:00,239 - INFO - Training..., Epoch: 517
1900-01-01 16:04:03,045 - INFO - Training..., Epoch: 518
1900-01-01 16:04:06,028 - INFO - Training..., Epoch: 519
1900-01-01 16:04:08,973 - INFO - Training..., Epoch: 520
1900-01-01 16:04:11,787 - INFO - Training..., Epoch: 521
1900-01-01 16:04:14,751 - INFO - Training..., Epoch: 522
1900-01-01 16:04:17,528 - INFO - Training..., Epoch: 523
1900-01-01 16:04:20,551 - INFO - Training..., Epoch: 524
1900-01-01 16:04:23,272 - INFO - Training..., Epoch: 525
1900-01-01 16:04:26,192 - INFO - Training..., Epoch: 526
1900-01-01 16:04:28,916 - INFO - Training..., Epoch: 527
1900-01-01 16:04:31,811 - INFO - Training..., Epoch: 528
1900-01-01 16:04:34,614 - INFO - Training..., Epoch: 529
1900-01-01 16:04:37,601 - INFO - Training..., Epoch: 530
1900-01-01 16:04:40,631 - INFO - Training..., Epoch: 531
1900-01-01 16:04:43,533 - INFO - Training..., Epoch: 532
1900-01-01 16:04:46,548 - INFO - Training..., Epoch: 533
1900-01-01 16:04:49,418 - INFO - Training..., Epoch: 534
1900-01-01 16:04:52,448 - INFO - Training..., Epoch: 535
1900-01-01 16:04:55,322 - INFO - Training..., Epoch: 536
1900-01-01 16:04:58,358 - INFO - Training..., Epoch: 537
1900-01-01 16:05:01,206 - INFO - Training..., Epoch: 538
1900-01-01 16:05:04,195 - INFO - Training..., Epoch: 539
1900-01-01 16:05:07,177 - INFO - Training..., Epoch: 540
1900-01-01 16:05:09,926 - INFO - Training..., Epoch: 541
1900-01-01 16:05:12,921 - INFO - Training..., Epoch: 542
1900-01-01 16:05:15,786 - INFO - Training..., Epoch: 543
1900-01-01 16:05:18,841 - INFO - Training..., Epoch: 544
1900-01-01 16:05:21,772 - INFO - Training..., Epoch: 545
1900-01-01 16:05:24,793 - INFO - Training..., Epoch: 546
1900-01-01 16:05:27,625 - INFO - Training..., Epoch: 547
1900-01-01 16:05:30,633 - INFO - Training..., Epoch: 548
1900-01-01 16:05:33,660 - INFO - Training..., Epoch: 549
1900-01-01 16:05:36,508 - INFO - Training..., Epoch: 550
1900-01-01 16:05:39,531 - INFO - Training..., Epoch: 551
1900-01-01 16:05:42,254 - INFO - Training..., Epoch: 552
1900-01-01 16:05:45,246 - INFO - Training..., Epoch: 553
1900-01-01 16:05:48,031 - INFO - Training..., Epoch: 554
1900-01-01 16:05:50,957 - INFO - Training..., Epoch: 555
1900-01-01 16:05:53,680 - INFO - Training..., Epoch: 556
1900-01-01 16:05:56,587 - INFO - Training..., Epoch: 557
1900-01-01 16:05:59,512 - INFO - Training..., Epoch: 558
1900-01-01 16:06:02,331 - INFO - Training..., Epoch: 559
1900-01-01 16:06:05,358 - INFO - Training..., Epoch: 560
1900-01-01 16:06:08,189 - INFO - Training..., Epoch: 561
1900-01-01 16:06:11,117 - INFO - Training..., Epoch: 562
1900-01-01 16:06:13,954 - INFO - Training..., Epoch: 563
1900-01-01 16:06:16,948 - INFO - Training..., Epoch: 564
1900-01-01 16:06:19,800 - INFO - Training..., Epoch: 565
1900-01-01 16:06:22,820 - INFO - Training..., Epoch: 566
1900-01-01 16:06:25,808 - INFO - Training..., Epoch: 567
1900-01-01 16:06:28,672 - INFO - Training..., Epoch: 568
1900-01-01 16:06:31,696 - INFO - Training..., Epoch: 569
1900-01-01 16:06:34,535 - INFO - Training..., Epoch: 570
1900-01-01 16:06:37,600 - INFO - Training..., Epoch: 571
1900-01-01 16:06:40,466 - INFO - Training..., Epoch: 572
1900-01-01 16:06:43,488 - INFO - Training..., Epoch: 573
1900-01-01 16:06:46,254 - INFO - Training..., Epoch: 574
1900-01-01 16:06:49,160 - INFO - Training..., Epoch: 575
1900-01-01 16:06:52,133 - INFO - Training..., Epoch: 576
1900-01-01 16:06:54,891 - INFO - Training..., Epoch: 577
1900-01-01 16:06:57,863 - INFO - Training..., Epoch: 578
1900-01-01 16:07:00,733 - INFO - Training..., Epoch: 579
1900-01-01 16:07:03,758 - INFO - Training..., Epoch: 580
1900-01-01 16:07:06,596 - INFO - Training..., Epoch: 581
1900-01-01 16:07:09,615 - INFO - Training..., Epoch: 582
1900-01-01 16:07:12,458 - INFO - Training..., Epoch: 583
1900-01-01 16:07:15,475 - INFO - Training..., Epoch: 584
1900-01-01 16:07:18,466 - INFO - Training..., Epoch: 585
1900-01-01 16:07:21,210 - INFO - Training..., Epoch: 586
1900-01-01 16:07:24,208 - INFO - Training..., Epoch: 587
1900-01-01 16:07:27,070 - INFO - Training..., Epoch: 588
1900-01-01 16:07:30,128 - INFO - Training..., Epoch: 589
1900-01-01 16:07:32,980 - INFO - Training..., Epoch: 590
1900-01-01 16:07:36,022 - INFO - Training..., Epoch: 591
1900-01-01 16:07:38,787 - INFO - Training..., Epoch: 592
1900-01-01 16:07:41,780 - INFO - Training..., Epoch: 593
1900-01-01 16:07:44,578 - INFO - Training..., Epoch: 594
1900-01-01 16:07:47,647 - INFO - Training..., Epoch: 595
1900-01-01 16:07:50,701 - INFO - Training..., Epoch: 596
1900-01-01 16:07:53,566 - INFO - Training..., Epoch: 597
1900-01-01 16:07:56,571 - INFO - Training..., Epoch: 598
1900-01-01 16:07:59,429 - INFO - Training..., Epoch: 599
1900-01-01 16:08:02,419 - INFO - Finished training!
1900-01-01 16:08:02,419 - INFO - Best validation score: 0.7599390064667843
1900-01-01 16:08:02,419 - INFO - Test score: 0.7260877962108191
1900-01-01 16:08:02,419 - INFO - Total time: 1772.234478712082
